<?xml version="1.0" encoding="UTF-8"?>
<testsuite xmlns:xsi="http://www.w3.org/2001/XMLSchema-instance" xsi:noNamespaceSchemaLocation="https://maven.apache.org/surefire/maven-surefire-plugin/xsd/surefire-test-report-3.0.xsd" version="3.0" name="org.code.CalendarTest" time="0.029" tests="4" errors="0" skipped="0" failures="0">
  <properties>
[...]
</properties>
  <testcase name="testDivisibleBy400" classname="org.code.CalendarTest" time="0.016"/>
  <testcase name="testDivisibleBy100ButNot400" classname="org.code.CalendarTest" time="0"/>
  <testcase name="testDivisibleBy4ButNot100" classname="org.code.CalendarTest" time="0.001"/>
  <testcase name="testNotDivisibleBy4" classname="org.code.CalendarTest" time="0.001"/>
</testsuite>